Performing C SOURCE FILE Test CMAKE_HAVE_LIBC_PTHREAD failed with the following output:
Change Dir: /home/gy/project/TMV/nsingle/cmake-build-debug/CMakeFiles/CMakeTmp

Run Build Command(s):/usr/bin/gmake cmTC_00ebb/fast && /usr/bin/gmake  -f CMakeFiles/cmTC_00ebb.dir/build.make CMakeFiles/cmTC_00ebb.dir/build
gmake[1]: 进入目录“/home/gy/project/TMV/nsingle/cmake-build-debug/CMakeFiles/CMakeTmp”
Building C object CMakeFiles/cmTC_00ebb.dir/src.c.o
/usr/bin/cc   -DCMAKE_HAVE_LIBC_PTHREAD   -o CMakeFiles/cmTC_00ebb.dir/src.c.o   -c /home/gy/project/TMV/nsingle/cmake-build-debug/CMakeFiles/CMakeTmp/src.c
Linking C executable cmTC_00ebb
/opt/clion-2020.3/bin/cmake/linux/bin/cmake -E cmake_link_script CMakeFiles/cmTC_00ebb.dir/link.txt --verbose=1
/usr/bin/cc  -DCMAKE_HAVE_LIBC_PTHREAD    CMakeFiles/cmTC_00ebb.dir/src.c.o  -o cmTC_00ebb 
/usr/bin/ld: CMakeFiles/cmTC_00ebb.dir/src.c.o: in function `main':
src.c:(.text+0x46): undefined reference to `pthread_create'
/usr/bin/ld: src.c:(.text+0x52): undefined reference to `pthread_detach'
/usr/bin/ld: src.c:(.text+0x5e): undefined reference to `pthread_cancel'
/usr/bin/ld: src.c:(.text+0x6f): undefined reference to `pthread_join'
collect2: error: ld returned 1 exit status
gmake[1]: *** [CMakeFiles/cmTC_00ebb.dir/build.make:107：cmTC_00ebb] 错误 1
gmake[1]: 离开目录“/home/gy/project/TMV/nsingle/cmake-build-debug/CMakeFiles/CMakeTmp”
gmake: *** [Makefile:141：cmTC_00ebb/fast] 错误 2


Source file was:
#include <pthread.h>

void* test_func(void* data)
{
  return data;
}

int main(void)
{
  pthread_t thread;
  pthread_create(&thread, NULL, test_func, NULL);
  pthread_detach(thread);
  pthread_cancel(thread);
  pthread_join(thread, NULL);
  pthread_atfork(NULL, NULL, NULL);
  pthread_exit(NULL);

  return 0;
}

